<?xml version="1.0" encoding="UTF-8"?>
<!-- Generated by org.testng.reporters.JUnitXMLReporter -->
<testsuite ignored="0" hostname="LAPTOP-4394Q7SE" failures="0" tests="3" name="Default test" time="0.064" errors="0" timestamp="07 Jun 2023 02:21:01 GMT">
  <testcase classname="Testscript.propertylist" name="@BeforeTest SetUp" time="0.011">
    <failure type="java.lang.NoClassDefFoundError" message="org/apache/http/client/methods/HttpRequestBase">
      <![CDATA[java.lang.NoClassDefFoundError: org/apache/http/client/methods/HttpRequestBase
at Testscript.propertylist.SetUp(propertylist.java:33)
at java.base/jdk.internal.reflect.NativeMethodAccessorImpl.invoke0(Native Method)
at java.base/jdk.internal.reflect.NativeMethodAccessorImpl.invoke(NativeMethodAccessorImpl.java:77)
at java.base/jdk.internal.reflect.DelegatingMethodAccessorImpl.invoke(DelegatingMethodAccessorImpl.java:43)
at java.base/java.lang.reflect.Method.invoke(Method.java:568)
at org.testng.internal.MethodInvocationHelper.invokeMethod(MethodInvocationHelper.java:124)
at org.testng.internal.MethodInvocationHelper.invokeMethodConsideringTimeout(MethodInvocationHelper.java:59)
at org.testng.internal.Invoker.invokeConfigurationMethod(Invoker.java:455)
at org.testng.internal.Invoker.invokeConfigurations(Invoker.java:222)
at org.testng.internal.Invoker.invokeConfigurations(Invoker.java:142)
at org.testng.TestRunner.beforeRun(TestRunner.java:529)
at org.testng.TestRunner.run(TestRunner.java:497)
at org.testng.SuiteRunner.runTest(SuiteRunner.java:455)
at org.testng.SuiteRunner.runSequentially(SuiteRunner.java:450)
at org.testng.SuiteRunner.privateRun(SuiteRunner.java:415)
at org.testng.SuiteRunner.run(SuiteRunner.java:364)
at org.testng.SuiteRunnerWorker.runSuite(SuiteRunnerWorker.java:52)
at org.testng.SuiteRunnerWorker.run(SuiteRunnerWorker.java:84)
at org.testng.TestNG.runSuitesSequentially(TestNG.java:1208)
at org.testng.TestNG.runSuitesLocally(TestNG.java:1137)
at org.testng.TestNG.runSuites(TestNG.java:1049)
at org.testng.TestNG.run(TestNG.java:1017)
at org.testng.remote.AbstractRemoteTestNG.run(AbstractRemoteTestNG.java:115)
at org.testng.remote.RemoteTestNG.initAndRun(RemoteTestNG.java:251)
at org.testng.remote.RemoteTestNG.main(RemoteTestNG.java:77)
Caused by: java.lang.ClassNotFoundException: org.apache.http.client.methods.HttpRequestBase
at java.base/jdk.internal.loader.BuiltinClassLoader.loadClass(BuiltinClassLoader.java:641)
at java.base/jdk.internal.loader.ClassLoaders$AppClassLoader.loadClass(ClassLoaders.java:188)
at java.base/java.lang.ClassLoader.loadClass(ClassLoader.java:520)
... 25 more
]]>
    </failure>
  </testcase> <!-- @BeforeTest SetUp -->
  <testcase classname="Testscript.propertylist" name="@AfterTest TearDown" time="0.0">
    <skipped/>
  </testcase> <!-- @AfterTest TearDown -->
  <testcase classname="Testscript.propertylist" name="properties" time="0.0">
    <skipped/>
  </testcase> <!-- properties -->
  <testcase classname="Testscript.propertylist" name="navigatePage" time="0.0">
    <skipped/>
  </testcase> <!-- navigatePage -->
  <testcase classname="Testscript.propertylist" name="Usercredentials" time="0.0">
    <skipped/>
  </testcase> <!-- Usercredentials -->
</testsuite> <!-- Default test -->
